<?xml version="1.0" encoding="UTF-8"?>
<!-- Generated by org.testng.reporters.JUnitXMLReporter -->
<testsuite ignored="4" hostname="DESKTOP-799KKK6" failures="0" tests="2" name="Test" time="7.223" errors="0" timestamp="2025-08-30T13:39:54 IST">
  <testcase classname="com.tests.ecommerce.AmazonTest" name="amazonAppOpen" time="2.276"/>
  <testcase classname="com.tests.socialapps.GoogleTest" name="googleOpen" time="2.093"/>
  <testcase classname="com.tests.ecommerce.FlipkartTest" name="flipkartAppOpen" time="0.0">
    <ignored/>
  </testcase> <!-- flipkartAppOpen -->
  <testcase classname="com.tests.socialapps.FaceBookTest" name="facebookAppOpen" time="0.0">
    <ignored/>
  </testcase> <!-- facebookAppOpen -->
  <testcase classname="com.tests.food.BBQNationTest" name="bbqAppOpen" time="0.0">
    <ignored/>
  </testcase> <!-- bbqAppOpen -->
  <testcase classname="com.tests.food.ZomatoTest" name="zomatoAppOpen" time="0.0">
    <ignored/>
  </testcase> <!-- zomatoAppOpen -->
</testsuite> <!-- Test -->
