<?xml version="1.0" encoding="UTF-8"?>
<testng-results ignored="4" total="6" passed="2" failed="0" skipped="0">
  <reporter-output>
  </reporter-output>
  <suite started-at="2025-08-30T13:39:47 IST" name="Suite" finished-at="2025-08-30T13:39:54 IST" duration-ms="7223">
    <groups>
      <group name="regression">
        <method signature="AmazonTest.amazonAppOpen()[pri:0, instance:com.tests.ecommerce.AmazonTest@77c2494c]" name="amazonAppOpen" class="com.tests.ecommerce.AmazonTest"/>
        <method signature="GoogleTest.googleOpen()[pri:0, instance:com.tests.socialapps.GoogleTest@f5958c9]" name="googleOpen" class="com.tests.socialapps.GoogleTest"/>
      </group> <!-- regression -->
      <group name="ecommerce">
        <method signature="AmazonTest.amazonAppOpen()[pri:0, instance:com.tests.ecommerce.AmazonTest@77c2494c]" name="amazonAppOpen" class="com.tests.ecommerce.AmazonTest"/>
      </group> <!-- ecommerce -->
      <group name="smoke">
        <method signature="AmazonTest.amazonAppOpen()[pri:0, instance:com.tests.ecommerce.AmazonTest@77c2494c]" name="amazonAppOpen" class="com.tests.ecommerce.AmazonTest"/>
        <method signature="GoogleTest.googleOpen()[pri:0, instance:com.tests.socialapps.GoogleTest@f5958c9]" name="googleOpen" class="com.tests.socialapps.GoogleTest"/>
      </group> <!-- smoke -->
      <group name="socialapps">
        <method signature="GoogleTest.googleOpen()[pri:0, instance:com.tests.socialapps.GoogleTest@f5958c9]" name="googleOpen" class="com.tests.socialapps.GoogleTest"/>
      </group> <!-- socialapps -->
    </groups>
    <test started-at="2025-08-30T13:39:47 IST" name="Test" finished-at="2025-08-30T13:39:54 IST" duration-ms="7223">
      <class name="com.tests.ecommerce.AmazonTest">
        <test-method is-config="true" signature="launchBrowser(java.lang.String)[pri:0, instance:com.tests.ecommerce.AmazonTest@77c2494c]" started-at="2025-08-30T13:39:47 IST" name="launchBrowser" finished-at="2025-08-30T13:39:48 IST" duration-ms="1364" status="PASS">
          <params>
            <param index="0">
              <value>
                <![CDATA[Edge]]>
              </value>
            </param>
          </params>
          <reporter-output>
          </reporter-output>
        </test-method> <!-- launchBrowser -->
        <test-method signature="amazonAppOpen()[pri:0, instance:com.tests.ecommerce.AmazonTest@77c2494c]" started-at="2025-08-30T13:39:48 IST" name="amazonAppOpen" finished-at="2025-08-30T13:39:50 IST" duration-ms="2276" status="PASS">
          <reporter-output>
          </reporter-output>
        </test-method> <!-- amazonAppOpen -->
        <test-method is-config="true" signature="closeBrowser()[pri:0, instance:com.tests.ecommerce.AmazonTest@77c2494c]" started-at="2025-08-30T13:39:50 IST" name="closeBrowser" finished-at="2025-08-30T13:39:51 IST" duration-ms="231" status="PASS">
          <reporter-output>
          </reporter-output>
        </test-method> <!-- closeBrowser -->
      </class> <!-- com.tests.ecommerce.AmazonTest -->
      <class name="com.tests.socialapps.GoogleTest">
        <test-method is-config="true" signature="launchBrowser(java.lang.String)[pri:0, instance:com.tests.socialapps.GoogleTest@f5958c9]" started-at="2025-08-30T13:39:51 IST" name="launchBrowser" finished-at="2025-08-30T13:39:52 IST" duration-ms="1018" status="PASS">
          <params>
            <param index="0">
              <value>
                <![CDATA[Edge]]>
              </value>
            </param>
          </params>
          <reporter-output>
          </reporter-output>
        </test-method> <!-- launchBrowser -->
        <test-method signature="googleOpen()[pri:0, instance:com.tests.socialapps.GoogleTest@f5958c9]" started-at="2025-08-30T13:39:52 IST" name="googleOpen" finished-at="2025-08-30T13:39:54 IST" duration-ms="2093" status="PASS">
          <reporter-output>
          </reporter-output>
        </test-method> <!-- googleOpen -->
        <test-method is-config="true" signature="closeBrowser()[pri:0, instance:com.tests.socialapps.GoogleTest@f5958c9]" started-at="2025-08-30T13:39:54 IST" name="closeBrowser" finished-at="2025-08-30T13:39:54 IST" duration-ms="202" status="PASS">
          <reporter-output>
          </reporter-output>
        </test-method> <!-- closeBrowser -->
      </class> <!-- com.tests.socialapps.GoogleTest -->
    </test> <!-- Test -->
  </suite> <!-- Suite -->
</testng-results>
